<?xml version="1.0" encoding="UTF-8"?>
<!-- Generated by org.testng.reporters.JUnitReportReporter -->
<testsuite hostname="UÄŸur" failures="0" tests="1" name="AutomationProject.AppiumProject.AppiumBasics" time="42.562" errors="0" timestamp="2024-10-18T17:41:46 TRT" skipped="0">
  <testcase classname="AutomationProject.AppiumProject.AppiumBasics" name="AppiumTest" time="42.562"/>
</testsuite> <!-- AutomationProject.AppiumProject.AppiumBasics -->
