<?xml version="1.0" encoding="UTF-8"?>
<!-- Generated by org.testng.reporters.JUnitReportReporter -->
<testsuite hostname="UÄŸur" failures="0" tests="1" name="AutomationProject.AppiumProject.AppiumTest" time="45.435" errors="0" timestamp="2024-10-22T17:37:08 TRT" skipped="0">
  <testcase classname="AutomationProject.AppiumProject.AppiumTest" name="AppiumTest" time="45.435"/>
  <system-out/>
</testsuite> <!-- AutomationProject.AppiumProject.AppiumTest -->
